<?xml version="1.0" encoding="UTF-8"?>
<!-- Generated by org.testng.reporters.JUnitReportReporter -->
<testsuite hostname="Flynn" failures="0" tests="5" name="testPackBarclays.BarclayTestNG" time="19.491" errors="0" timestamp="2023-02-22T14:48:41 IST" skipped="0">
  <testcase classname="testPackBarclays.BarclayTestNG" name="Test1" time="0.270"/>
  <system-out/>
  <testcase classname="testPackBarclays.BarclayTestNG" name="Test3" time="9.625"/>
  <system-out/>
  <testcase classname="testPackBarclays.BarclayTestNG" name="Test5" time="0.030"/>
  <system-out/>
  <testcase classname="testPackBarclays.BarclayTestNG" name="Test4" time="0.052"/>
  <system-out/>
  <testcase classname="testPackBarclays.BarclayTestNG" name="Test2" time="9.514"/>
  <system-out/>
</testsuite> <!-- testPackBarclays.BarclayTestNG -->
