<?xml version="1.0" encoding="UTF-8"?>
<!-- Generated by org.testng.reporters.JUnitReportReporter -->
<testsuite hostname="Flynn" failures="0" tests="2" name="testPackBarclays.BarclayTestNG" time="0.256" errors="0" timestamp="2023-02-19T15:35:43 IST" skipped="1">
  <testcase classname="testPackBarclays.BarclayTestNG" name="Test1" time="0.256"/>
  <system-out/>
  <testcase classname="testPackBarclays.BarclayTestNG" name="OtherBarclaySitesTest" time="0.236"/>
  <system-out/>
</testsuite> <!-- testPackBarclays.BarclayTestNG -->

