<?xml version="1.0" encoding="UTF-8"?>
<!-- Generated by org.testng.reporters.JUnitReportReporter -->
<testsuite hostname="Flynn" failures="0" tests="2" name="testPackBarclays.BarclayTestNG" time="6.961" errors="0" timestamp="2023-02-20T15:22:50 IST" skipped="0">
  <testcase classname="testPackBarclays.BarclayTestNG" name="PersonalBankingTest" time="6.725"/>
  <system-out/>
  <testcase classname="testPackBarclays.BarclayTestNG" name="OtherBarclaySitesTest" time="0.236"/>
  <system-out/>
</testsuite> <!-- testPackBarclays.BarclayTestNG -->
