<?xml version="1.0" encoding="UTF-8"?>
<!-- Generated by org.testng.reporters.JUnitReportReporter -->
<testsuite hostname="Flynn" failures="0" tests="2" name="testPackBarclays.BarclayTestNG" time="0.308" errors="0" timestamp="2023-02-19T16:05:05 IST" skipped="1">
  <testcase classname="testPackBarclays.BarclayTestNG" name="Test1" time="0.308"/>
  <system-out/>
  <testcase classname="testPackBarclays.BarclayTestNG" name="Test2">
    <skipped/>
  </testcase> <!-- Test2 -->
  <system-out/>
</testsuite> <!-- testPackBarclays.BarclayTestNG -->
